
2820 : 0xfc7f9e7f28326 : 1 : spill_jit_data :  Jit agent is not initialized
2820 : 0xfc7f9e7f48904 : 2 : ittapi_config_mask_get :  --itt-config mask to be applied: 183
2820 : 0xfc7f9e7f5197c : 2 : ittapi_config_apply_per_lib :  ITTAPI function instrumented: __itt_domain_create
2820 : 0xfc7f9e7f53246 : 2 : ittapi_config_apply_per_lib :  ITTAPI function instrumented: __itt_string_handle_create
2820 : 0xfc7f9e7f546bb : 2 : ittapi_config_apply_per_lib :  ITTAPI function instrumented: __itt_counter_create
2820 : 0xfc7f9e7f55a8c : 2 : ittapi_config_apply_per_lib :  ITTAPI function instrumented: __itt_counter_create_typed
2820 : 0xfc7f9e7f57087 : 2 : ittapi_config_apply_per_lib :  ITTAPI function instrumented: __itt_pause
2820 : 0xfc7f9e7f58937 : 2 : ittapi_config_apply_per_lib :  ITTAPI function instrumented: __itt_resume
2820 : 0xfc7f9e7f59d44 : 2 : ittapi_config_apply_per_lib :  ITTAPI function instrumented: __itt_thread_set_name
2820 : 0xfc7f9e7f5b235 : 2 : ittapi_config_apply_per_lib :  ITTAPI function instrumented: __itt_thread_ignore
2820 : 0xfc7f9e7f65a62 : 2 : ittapi_config_apply_per_lib :  ITTAPI function instrumented: __itt_thr_name_set
2820 : 0xfc7f9e7f66fdb : 2 : ittapi_config_apply_per_lib :  ITTAPI function instrumented: __itt_thr_ignore
2820 : 0xfc7f9e7f6933f : 2 : ittapi_config_apply_per_lib :  ITTAPI function not implemented: __itt_enable_attach
2820 : 0xfc7f9e7f6aae4 : 2 : ittapi_config_apply_per_lib :  ITTAPI function instrumented: __itt_detach
2820 : 0xfc7f9e7f6bba3 : 2 : ittapi_config_apply_per_lib :  ITTAPI function NOT instrumented (not matched by --itt-config option): __itt_sync_create

2820 : 0xfc7f9e7f6cdd4 : 2 : ittapi_config_apply_per_lib :  ITTAPI function NOT instrumented (not matched by --itt-config option): __itt_sync_rename

2820 : 0xfc7f9e7f6f145 : 2 : ittapi_config_apply_per_lib :  ITTAPI function NOT instrumented (not matched by --itt-config option): __itt_sync_destroy

2820 : 0xfc7f9e7f702ed : 2 : ittapi_config_apply_per_lib :  ITTAPI function NOT instrumented (not matched by --itt-config option): __itt_sync_prepare

2820 : 0xfc7f9e7f7134e : 2 : ittapi_config_apply_per_lib :  ITTAPI function NOT instrumented (not matched by --itt-config option): __itt_sync_cancel

2820 : 0xfc7f9e7f72320 : 2 : ittapi_config_apply_per_lib :  ITTAPI function NOT instrumented (not matched by --itt-config option): __itt_sync_acquired

2820 : 0xfc7f9e7f76a46 : 2 : ittapi_config_apply_per_lib :  ITTAPI function NOT instrumented (not matched by --itt-config option): __itt_sync_releasing

2820 : 0xfc7f9e7f78530 : 2 : ittapi_config_apply_per_lib :  ITTAPI function not implemented: __itt_suppress_push
2820 : 0xfc7f9e7f79c89 : 2 : ittapi_config_apply_per_lib :  ITTAPI function not implemented: __itt_suppress_pop
2820 : 0xfc7f9e7f7b5a7 : 2 : ittapi_config_apply_per_lib :  ITTAPI function not implemented: __itt_suppress_mark_range
2820 : 0xfc7f9e7f7ce49 : 2 : ittapi_config_apply_per_lib :  ITTAPI function not implemented: __itt_suppress_clear_range
2820 : 0xfc7f9e7f7deb8 : 2 : ittapi_config_apply_per_lib :  ITTAPI function NOT instrumented (not matched by --itt-config option): __itt_sync_prepare

2820 : 0xfc7f9e7f7ef77 : 2 : ittapi_config_apply_per_lib :  ITTAPI function NOT instrumented (not matched by --itt-config option): __itt_sync_cancel

2820 : 0xfc7f9e7f7ff77 : 2 : ittapi_config_apply_per_lib :  ITTAPI function NOT instrumented (not matched by --itt-config option): __itt_sync_acquired

2820 : 0xfc7f9e7f8115f : 2 : ittapi_config_apply_per_lib :  ITTAPI function NOT instrumented (not matched by --itt-config option): __itt_sync_releasing

2820 : 0xfc7f9e7f8263e : 2 : ittapi_config_apply_per_lib :  ITTAPI function instrumented: __itt_model_site_begin
2820 : 0xfc7f9e7f86954 : 2 : ittapi_config_apply_per_lib :  ITTAPI function instrumented: __itt_model_site_end
2820 : 0xfc7f9e7f87d04 : 2 : ittapi_config_apply_per_lib :  ITTAPI function instrumented: __itt_model_task_begin
2820 : 0xfc7f9e7f88f5c : 2 : ittapi_config_apply_per_lib :  ITTAPI function instrumented: __itt_model_task_end
2820 : 0xfc7f9e7f8a2e4 : 2 : ittapi_config_apply_per_lib :  ITTAPI function instrumented: __itt_model_lock_acquire
2820 : 0xfc7f9e7f8b6b9 : 2 : ittapi_config_apply_per_lib :  ITTAPI function instrumented: __itt_model_lock_release
2820 : 0xfc7f9e7f8ce26 : 2 : ittapi_config_apply_per_lib :  ITTAPI function not implemented: __itt_model_record_allocation
2820 : 0xfc7f9e7f8e646 : 2 : ittapi_config_apply_per_lib :  ITTAPI function not implemented: __itt_model_record_deallocation
2820 : 0xfc7f9e7f8fe2e : 2 : ittapi_config_apply_per_lib :  ITTAPI function not implemented: __itt_model_induction_uses
2820 : 0xfc7f9e7f913d2 : 2 : ittapi_config_apply_per_lib :  ITTAPI function not implemented: __itt_model_reduction_uses
2820 : 0xfc7f9e7f929de : 2 : ittapi_config_apply_per_lib :  ITTAPI function not implemented: __itt_model_observe_uses
2820 : 0xfc7f9e7f97c36 : 2 : ittapi_config_apply_per_lib :  ITTAPI function not implemented: __itt_model_clear_uses
2820 : 0xfc7f9e7f991cd : 2 : ittapi_config_apply_per_lib :  ITTAPI function instrumented: __itt_model_site_beginA
2820 : 0xfc7f9e7f9e8e5 : 2 : ittapi_config_apply_per_lib :  ITTAPI function instrumented: __itt_model_site_beginAL
2820 : 0xfc7f9e7f9fd78 : 2 : ittapi_config_apply_per_lib :  ITTAPI function instrumented: __itt_model_task_beginA
2820 : 0xfc7f9e7fa1111 : 2 : ittapi_config_apply_per_lib :  ITTAPI function instrumented: __itt_model_task_beginAL
2820 : 0xfc7f9e7fa241a : 2 : ittapi_config_apply_per_lib :  ITTAPI function instrumented: __itt_model_iteration_taskA
2820 : 0xfc7f9e7fa3683 : 2 : ittapi_config_apply_per_lib :  ITTAPI function instrumented: __itt_model_iteration_taskAL
2820 : 0xfc7f9e7fa49d3 : 2 : ittapi_config_apply_per_lib :  ITTAPI function instrumented: __itt_model_site_end_2
2820 : 0xfc7f9e7fa5c5d : 2 : ittapi_config_apply_per_lib :  ITTAPI function instrumented: __itt_model_task_end_2
2820 : 0xfc7f9e7fa6f74 : 2 : ittapi_config_apply_per_lib :  ITTAPI function instrumented: __itt_model_lock_acquire_2
2820 : 0xfc7f9e7fab786 : 2 : ittapi_config_apply_per_lib :  ITTAPI function instrumented: __itt_model_lock_release_2
2820 : 0xfc7f9e7faca93 : 2 : ittapi_config_apply_per_lib :  ITTAPI function instrumented: __itt_model_aggregate_task
2820 : 0xfc7f9e7fadddf : 2 : ittapi_config_apply_per_lib :  ITTAPI function instrumented: __itt_model_disable_push
2820 : 0xfc7f9e7faf016 : 2 : ittapi_config_apply_per_lib :  ITTAPI function instrumented: __itt_model_disable_pop
2820 : 0xfc7f9e7fb01c5 : 2 : ittapi_config_apply_per_lib :  ITTAPI function instrumented: __itt_heap_function_create
2820 : 0xfc7f9e7fb14a0 : 2 : ittapi_config_apply_per_lib :  ITTAPI function instrumented: __itt_heap_allocate_begin
2820 : 0xfc7f9e7fb26e4 : 2 : ittapi_config_apply_per_lib :  ITTAPI function instrumented: __itt_heap_allocate_end
2820 : 0xfc7f9e7fb3994 : 2 : ittapi_config_apply_per_lib :  ITTAPI function instrumented: __itt_heap_free_begin
2820 : 0xfc7f9e7fb4d40 : 2 : ittapi_config_apply_per_lib :  ITTAPI function instrumented: __itt_heap_free_end
2820 : 0xfc7f9e7fb5f9d : 2 : ittapi_config_apply_per_lib :  ITTAPI function instrumented: __itt_heap_reallocate_begin
2820 : 0xfc7f9e7fb9d91 : 2 : ittapi_config_apply_per_lib :  ITTAPI function instrumented: __itt_heap_reallocate_end
2820 : 0xfc7f9e7fbb5bf : 2 : ittapi_config_apply_per_lib :  ITTAPI function not implemented: __itt_heap_internal_access_begin
2820 : 0xfc7f9e7fbcd1b : 2 : ittapi_config_apply_per_lib :  ITTAPI function not implemented: __itt_heap_internal_access_end
2820 : 0xfc7f9e7fbe484 : 2 : ittapi_config_apply_per_lib :  ITTAPI function not implemented: __itt_heap_record_memory_growth_begin
2820 : 0xfc7f9e7fbfb7c : 2 : ittapi_config_apply_per_lib :  ITTAPI function not implemented: __itt_heap_record_memory_growth_end
2820 : 0xfc7f9e7fc1080 : 2 : ittapi_config_apply_per_lib :  ITTAPI function not implemented: __itt_heap_reset_detection
2820 : 0xfc7f9e7fc271b : 2 : ittapi_config_apply_per_lib :  ITTAPI function not implemented: __itt_heap_record
2820 : 0xfc7f9e7fc3cb1 : 2 : ittapi_config_apply_per_lib :  ITTAPI function not implemented: __itt_id_create
2820 : 0xfc7f9e7fc52ca : 2 : ittapi_config_apply_per_lib :  ITTAPI function not implemented: __itt_id_destroy
2820 : 0xfc7f9e7fc664f : 2 : ittapi_config_apply_per_lib :  ITTAPI function instrumented: __itt_get_timestamp
2820 : 0xfc7f9e7fcb76a : 2 : ittapi_config_apply_per_lib :  ITTAPI function not implemented: __itt_region_begin
2820 : 0xfc7f9e7fcce3a : 2 : ittapi_config_apply_per_lib :  ITTAPI function not implemented: __itt_region_end
2820 : 0xfc7f9e7fce0fe : 2 : ittapi_config_apply_per_lib :  ITTAPI function instrumented: __itt_frame_begin_v3
2820 : 0xfc7f9e7fcf3f0 : 2 : ittapi_config_apply_per_lib :  ITTAPI function instrumented: __itt_frame_end_v3
2820 : 0xfc7f9e7fd0700 : 2 : ittapi_config_apply_per_lib :  ITTAPI function instrumented: __itt_frame_submit_v3
2820 : 0xfc7f9e7fd1cfe : 2 : ittapi_config_apply_per_lib :  ITTAPI function not implemented: __itt_task_group
2820 : 0xfc7f9e7fd3075 : 2 : ittapi_config_apply_per_lib :  ITTAPI function instrumented: __itt_task_begin
2820 : 0xfc7f9e7fd43ed : 2 : ittapi_config_apply_per_lib :  ITTAPI function instrumented: __itt_task_begin_fn
2820 : 0xfc7f9e7fd5635 : 2 : ittapi_config_apply_per_lib :  ITTAPI function instrumented: __itt_task_end
2820 : 0xfc7f9e7fd6c40 : 2 : ittapi_config_apply_per_lib :  ITTAPI function not implemented: __itt_counter_inc_v3
2820 : 0xfc7f9e7fdb06d : 2 : ittapi_config_apply_per_lib :  ITTAPI function not implemented: __itt_counter_inc_delta_v3
2820 : 0xfc7f9e7fdc71f : 2 : ittapi_config_apply_per_lib :  ITTAPI function not implemented: __itt_counter_dec_v3
2820 : 0xfc7f9e7fddd7e : 2 : ittapi_config_apply_per_lib :  ITTAPI function not implemented: __itt_counter_dec_delta_v3
2820 : 0xfc7f9e7fdf563 : 2 : ittapi_config_apply_per_lib :  ITTAPI function not implemented: __itt_marker
2820 : 0xfc7f9e7fe25b8 : 2 : ittapi_config_apply_per_lib :  ITTAPI function instrumented: __itt_metadata_add
2820 : 0xfc7f9e7fe3c9c : 2 : ittapi_config_apply_per_lib :  ITTAPI function not implemented: __itt_metadata_str_add
2820 : 0xfc7f9e7fe51ae : 2 : ittapi_config_apply_per_lib :  ITTAPI function not implemented: __itt_relation_add_to_current
2820 : 0xfc7f9e7fe6720 : 2 : ittapi_config_apply_per_lib :  ITTAPI function not implemented: __itt_relation_add
2820 : 0xfc7f9e7fe795e : 2 : ittapi_config_apply_per_lib :  ITTAPI function instrumented: __itt_event_create
2820 : 0xfc7f9e7fe8c50 : 2 : ittapi_config_apply_per_lib :  ITTAPI function instrumented: __itt_event_start
2820 : 0xfc7f9e7fecb12 : 2 : ittapi_config_apply_per_lib :  ITTAPI function instrumented: __itt_event_end
2820 : 0xfc7f9e7fedbc7 : 2 : ittapi_config_apply_per_lib :  ITTAPI function NOT instrumented (not matched by --itt-config option): __itt_sync_set_name

2820 : 0xfc7f9e7feed33 : 2 : ittapi_config_apply_per_lib :  ITTAPI function NOT instrumented (not matched by --itt-config option): __itt_notify_sync_name

2820 : 0xfc7f9e7fefe1a : 2 : ittapi_config_apply_per_lib :  ITTAPI function NOT instrumented (not matched by --itt-config option): __itt_notify_sync_prepare

2820 : 0xfc7f9e7ff0f11 : 2 : ittapi_config_apply_per_lib :  ITTAPI function NOT instrumented (not matched by --itt-config option): __itt_notify_sync_cancel

2820 : 0xfc7f9e7ff200c : 2 : ittapi_config_apply_per_lib :  ITTAPI function NOT instrumented (not matched by --itt-config option): __itt_notify_sync_acquired

2820 : 0xfc7f9e7ff307b : 2 : ittapi_config_apply_per_lib :  ITTAPI function NOT instrumented (not matched by --itt-config option): __itt_notify_sync_releasing

2820 : 0xfc7f9e7ff4654 : 2 : ittapi_config_apply_per_lib :  ITTAPI function not implemented: __itt_memory_read
2820 : 0xfc7f9e7ff5b12 : 2 : ittapi_config_apply_per_lib :  ITTAPI function not implemented: __itt_memory_write
2820 : 0xfc7f9e7ff70a2 : 2 : ittapi_config_apply_per_lib :  ITTAPI function not implemented: __itt_memory_update
2820 : 0xfc7f9e7ffb2b3 : 2 : ittapi_config_apply_per_lib :  ITTAPI function not implemented: __itt_state_get
2820 : 0xfc7f9e7ffc8a7 : 2 : ittapi_config_apply_per_lib :  ITTAPI function not implemented: __itt_state_set
2820 : 0xfc7f9e7ffddbf : 2 : ittapi_config_apply_per_lib :  ITTAPI function not implemented: __itt_obj_mode_set
2820 : 0xfc7f9e7fff22d : 2 : ittapi_config_apply_per_lib :  ITTAPI function not implemented: __itt_thr_mode_set
2820 : 0xfc7f9e80003cf : 2 : ittapi_config_apply_per_lib :  ITTAPI function instrumented: __itt_frame_create
2820 : 0xfc7f9e80016c8 : 2 : ittapi_config_apply_per_lib :  ITTAPI function instrumented: __itt_frame_begin
2820 : 0xfc7f9e800299c : 2 : ittapi_config_apply_per_lib :  ITTAPI function instrumented: __itt_frame_end
2820 : 0xfc7f9e8003ef0 : 2 : ittapi_config_apply_per_lib :  ITTAPI function not implemented: __itt_counter_destroy
2820 : 0xfc7f9e80051ef : 2 : ittapi_config_apply_per_lib :  ITTAPI function instrumented: __itt_counter_inc
2820 : 0xfc7f9e8006524 : 2 : ittapi_config_apply_per_lib :  ITTAPI function instrumented: __itt_counter_inc_delta
2820 : 0xfc7f9e800b034 : 2 : ittapi_config_apply_per_lib :  ITTAPI function instrumented: __itt_counter_dec
2820 : 0xfc7f9e800c44f : 2 : ittapi_config_apply_per_lib :  ITTAPI function instrumented: __itt_counter_dec_delta
2820 : 0xfc7f9e800d665 : 2 : ittapi_config_apply_per_lib :  ITTAPI function instrumented: __itt_counter_set_value
2820 : 0xfc7f9e800ea1f : 2 : ittapi_config_apply_per_lib :  ITTAPI function not implemented: __itt_counter_set_value_ex
2820 : 0xfc7f9e800ff4b : 2 : ittapi_config_apply_per_lib :  ITTAPI function not implemented: __itt_mark_create
2820 : 0xfc7f9e8011467 : 2 : ittapi_config_apply_per_lib :  ITTAPI function not implemented: __itt_mark
2820 : 0xfc7f9e8012bab : 2 : ittapi_config_apply_per_lib :  ITTAPI function not implemented: __itt_mark_off
2820 : 0xfc7f9e8014121 : 2 : ittapi_config_apply_per_lib :  ITTAPI function not implemented: __itt_mark_global
2820 : 0xfc7f9e80155ad : 2 : ittapi_config_apply_per_lib :  ITTAPI function not implemented: __itt_mark_global_off
2820 : 0xfc7f9e8016967 : 2 : ittapi_config_apply_per_lib :  ITTAPI function instrumented: __itt_stack_caller_create
2820 : 0xfc7f9e801a9a5 : 2 : ittapi_config_apply_per_lib :  ITTAPI function instrumented: __itt_stack_caller_destroy
2820 : 0xfc7f9e801bd4f : 2 : ittapi_config_apply_per_lib :  ITTAPI function instrumented: __itt_stack_callee_enter
2820 : 0xfc7f9e801cf9d : 2 : ittapi_config_apply_per_lib :  ITTAPI function instrumented: __itt_stack_callee_leave
2820 : 0xfc7f9e801e56a : 2 : ittapi_config_apply_per_lib :  ITTAPI function not implemented: __itt_clock_domain_create
2820 : 0xfc7f9e801fc44 : 2 : ittapi_config_apply_per_lib :  ITTAPI function not implemented: __itt_clock_domain_reset
2820 : 0xfc7f9e80210b5 : 2 : ittapi_config_apply_per_lib :  ITTAPI function not implemented: __itt_id_create_ex
2820 : 0xfc7f9e8022569 : 2 : ittapi_config_apply_per_lib :  ITTAPI function not implemented: __itt_id_destroy_ex
2820 : 0xfc7f9e8023a60 : 2 : ittapi_config_apply_per_lib :  ITTAPI function not implemented: __itt_task_begin_ex
2820 : 0xfc7f9e8025054 : 2 : ittapi_config_apply_per_lib :  ITTAPI function not implemented: __itt_task_begin_fn_ex
2820 : 0xfc7f9e80265ee : 2 : ittapi_config_apply_per_lib :  ITTAPI function not implemented: __itt_task_end_ex
2820 : 0xfc7f9e802a3d4 : 2 : ittapi_config_apply_per_lib :  ITTAPI function instrumented: __itt_task_begin_overlapped
2820 : 0xfc7f9e802ba0b : 2 : ittapi_config_apply_per_lib :  ITTAPI function not implemented: __itt_task_begin_overlapped_ex
2820 : 0xfc7f9e802cd36 : 2 : ittapi_config_apply_per_lib :  ITTAPI function instrumented: __itt_task_end_overlapped
2820 : 0xfc7f9e802e39b : 2 : ittapi_config_apply_per_lib :  ITTAPI function not implemented: __itt_task_end_overlapped_ex
2820 : 0xfc7f9e802f842 : 2 : ittapi_config_apply_per_lib :  ITTAPI function not implemented: __itt_marker_ex
2820 : 0xfc7f9e8030df7 : 2 : ittapi_config_apply_per_lib :  ITTAPI function not implemented: __itt_metadata_add_with_scope
2820 : 0xfc7f9e8032448 : 2 : ittapi_config_apply_per_lib :  ITTAPI function not implemented: __itt_metadata_str_add_with_scope
2820 : 0xfc7f9e8033a96 : 2 : ittapi_config_apply_per_lib :  ITTAPI function not implemented: __itt_relation_add_to_current_ex
2820 : 0xfc7f9e8034fb5 : 2 : ittapi_config_apply_per_lib :  ITTAPI function not implemented: __itt_relation_add_ex
2820 : 0xfc7f9e80364eb : 2 : ittapi_config_apply_per_lib :  ITTAPI function not implemented: __itt_track_group_create
2820 : 0xfc7f9e803b200 : 2 : ittapi_config_apply_per_lib :  ITTAPI function not implemented: __itt_track_create
2820 : 0xfc7f9e803c7fe : 2 : ittapi_config_apply_per_lib :  ITTAPI function not implemented: __itt_set_track
2820 : 0xfc7f9e803db2c : 2 : ittapi_config_apply_per_lib :  ITTAPI function instrumented: __itt_api_version
2820 : 0xfc7f9e803efea : 2 : ittapi_config_apply_per_lib :  ITTAPI function not implemented: __itt_av_save
2820 : 0xfc7f9e8040272 : 2 : ittapi_config_apply_per_lib :  ITTAPI function instrumented: __itt_module_load
2820 : 0xfc7f9e8164db3 : 2 : ittapi_config_mask_get :  --itt-config mask to be applied: 183
2820 : 0xfc7f9e8166f55 : 2 : ittapi_config_apply_per_lib :  ITTAPI function instrumented: __itt_domain_create
2820 : 0xfc7f9e8168445 : 2 : ittapi_config_apply_per_lib :  ITTAPI function instrumented: __itt_string_handle_create
2820 : 0xfc7f9e816987a : 2 : ittapi_config_apply_per_lib :  ITTAPI function instrumented: __itt_pause
2820 : 0xfc7f9e816ace8 : 2 : ittapi_config_apply_per_lib :  ITTAPI function instrumented: __itt_resume
2820 : 0xfc7f9e8170c2b : 2 : ittapi_config_apply_per_lib :  ITTAPI function instrumented: __itt_thread_set_name
2820 : 0xfc7f9e8172157 : 2 : ittapi_config_apply_per_lib :  ITTAPI function instrumented: __itt_thread_ignore
2820 : 0xfc7f9e8173366 : 2 : ittapi_config_apply_per_lib :  ITTAPI function instrumented: __itt_thr_name_set
2820 : 0xfc7f9e81746e4 : 2 : ittapi_config_apply_per_lib :  ITTAPI function instrumented: __itt_thr_ignore
2820 : 0xfc7f9e81762c5 : 2 : ittapi_config_apply_per_lib :  ITTAPI function not implemented: __itt_enable_attach
2820 : 0xfc7f9e81777bf : 2 : ittapi_config_apply_per_lib :  ITTAPI function instrumented: __itt_detach
2820 : 0xfc7f9e81788c1 : 2 : ittapi_config_apply_per_lib :  ITTAPI function NOT instrumented (not matched by --itt-config option): __itt_sync_create

2820 : 0xfc7f9e81799ea : 2 : ittapi_config_apply_per_lib :  ITTAPI function NOT instrumented (not matched by --itt-config option): __itt_sync_rename

2820 : 0xfc7f9e817ab71 : 2 : ittapi_config_apply_per_lib :  ITTAPI function NOT instrumented (not matched by --itt-config option): __itt_sync_destroy

2820 : 0xfc7f9e817bc15 : 2 : ittapi_config_apply_per_lib :  ITTAPI function NOT instrumented (not matched by --itt-config option): __itt_sync_prepare

2820 : 0xfc7f9e817fa19 : 2 : ittapi_config_apply_per_lib :  ITTAPI function NOT instrumented (not matched by --itt-config option): __itt_sync_cancel

2820 : 0xfc7f9e8180b50 : 2 : ittapi_config_apply_per_lib :  ITTAPI function NOT instrumented (not matched by --itt-config option): __itt_sync_acquired

2820 : 0xfc7f9e8181ba1 : 2 : ittapi_config_apply_per_lib :  ITTAPI function NOT instrumented (not matched by --itt-config option): __itt_sync_releasing

2820 : 0xfc7f9e818706f : 2 : ittapi_config_apply_per_lib :  ITTAPI function not implemented: __itt_suppress_push
2820 : 0xfc7f9e81887ad : 2 : ittapi_config_apply_per_lib :  ITTAPI function not implemented: __itt_suppress_pop
2820 : 0xfc7f9e8189f6d : 2 : ittapi_config_apply_per_lib :  ITTAPI function not implemented: __itt_suppress_mark_range
2820 : 0xfc7f9e818b5a4 : 2 : ittapi_config_apply_per_lib :  ITTAPI function not implemented: __itt_suppress_clear_range
2820 : 0xfc7f9e818c6c0 : 2 : ittapi_config_apply_per_lib :  ITTAPI function NOT instrumented (not matched by --itt-config option): __itt_sync_prepare

2820 : 0xfc7f9e818d6e5 : 2 : ittapi_config_apply_per_lib :  ITTAPI function NOT instrumented (not matched by --itt-config option): __itt_sync_cancel

2820 : 0xfc7f9e818e6f3 : 2 : ittapi_config_apply_per_lib :  ITTAPI function NOT instrumented (not matched by --itt-config option): __itt_sync_acquired

2820 : 0xfc7f9e8192645 : 2 : ittapi_config_apply_per_lib :  ITTAPI function NOT instrumented (not matched by --itt-config option): __itt_sync_releasing

2820 : 0xfc7f9e8193c39 : 2 : ittapi_config_apply_per_lib :  ITTAPI function instrumented: __itt_model_site_begin
2820 : 0xfc7f9e819502f : 2 : ittapi_config_apply_per_lib :  ITTAPI function instrumented: __itt_model_site_end
2820 : 0xfc7f9e81963fa : 2 : ittapi_config_apply_per_lib :  ITTAPI function instrumented: __itt_model_task_begin
2820 : 0xfc7f9e8197659 : 2 : ittapi_config_apply_per_lib :  ITTAPI function instrumented: __itt_model_task_end
2820 : 0xfc7f9e819895f : 2 : ittapi_config_apply_per_lib :  ITTAPI function instrumented: __itt_model_lock_acquire
2820 : 0xfc7f9e8199c05 : 2 : ittapi_config_apply_per_lib :  ITTAPI function instrumented: __itt_model_lock_release
2820 : 0xfc7f9e819b256 : 2 : ittapi_config_apply_per_lib :  ITTAPI function not implemented: __itt_model_record_allocation
2820 : 0xfc7f9e819ca66 : 2 : ittapi_config_apply_per_lib :  ITTAPI function not implemented: __itt_model_record_deallocation
2820 : 0xfc7f9e819e107 : 2 : ittapi_config_apply_per_lib :  ITTAPI function not implemented: __itt_model_induction_uses
2820 : 0xfc7f9e81a32e1 : 2 : ittapi_config_apply_per_lib :  ITTAPI function not implemented: __itt_model_reduction_uses
2820 : 0xfc7f9e81a4b91 : 2 : ittapi_config_apply_per_lib :  ITTAPI function not implemented: __itt_model_observe_uses
2820 : 0xfc7f9e81a611e : 2 : ittapi_config_apply_per_lib :  ITTAPI function not implemented: __itt_model_clear_uses
2820 : 0xfc7f9e81a742e : 2 : ittapi_config_apply_per_lib :  ITTAPI function instrumented: __itt_model_site_beginA
2820 : 0xfc7f9e81a86bf : 2 : ittapi_config_apply_per_lib :  ITTAPI function instrumented: __itt_model_site_beginAL
2820 : 0xfc7f9e81a991b : 2 : ittapi_config_apply_per_lib :  ITTAPI function instrumented: __itt_model_task_beginA
2820 : 0xfc7f9e81aabe8 : 2 : ittapi_config_apply_per_lib :  ITTAPI function instrumented: __itt_model_task_beginAL
2820 : 0xfc7f9e81abe0f : 2 : ittapi_config_apply_per_lib :  ITTAPI function instrumented: __itt_model_iteration_taskA
2820 : 0xfc7f9e81ad0cc : 2 : ittapi_config_apply_per_lib :  ITTAPI function instrumented: __itt_model_iteration_taskAL
2820 : 0xfc7f9e81ae385 : 2 : ittapi_config_apply_per_lib :  ITTAPI function instrumented: __itt_model_site_end_2
2820 : 0xfc7f9e81b23a6 : 2 : ittapi_config_apply_per_lib :  ITTAPI function instrumented: __itt_model_task_end_2
2820 : 0xfc7f9e81b373b : 2 : ittapi_config_apply_per_lib :  ITTAPI function instrumented: __itt_model_lock_acquire_2
2820 : 0xfc7f9e81b49cd : 2 : ittapi_config_apply_per_lib :  ITTAPI function instrumented: __itt_model_lock_release_2
2820 : 0xfc7f9e81b5c43 : 2 : ittapi_config_apply_per_lib :  ITTAPI function instrumented: __itt_model_aggregate_task
2820 : 0xfc7f9e81b6ed5 : 2 : ittapi_config_apply_per_lib :  ITTAPI function instrumented: __itt_model_disable_push
2820 : 0xfc7f9e81b8083 : 2 : ittapi_config_apply_per_lib :  ITTAPI function instrumented: __itt_model_disable_pop
2820 : 0xfc7f9e81b9299 : 2 : ittapi_config_apply_per_lib :  ITTAPI function instrumented: __itt_heap_function_create
2820 : 0xfc7f9e81ba567 : 2 : ittapi_config_apply_per_lib :  ITTAPI function instrumented: __itt_heap_allocate_begin
2820 : 0xfc7f9e81bb7e1 : 2 : ittapi_config_apply_per_lib :  ITTAPI function instrumented: __itt_heap_allocate_end
2820 : 0xfc7f9e81bca6b : 2 : ittapi_config_apply_per_lib :  ITTAPI function instrumented: __itt_heap_free_begin
2820 : 0xfc7f9e81c07f1 : 2 : ittapi_config_apply_per_lib :  ITTAPI function instrumented: __itt_heap_free_end
2820 : 0xfc7f9e81c1b5f : 2 : ittapi_config_apply_per_lib :  ITTAPI function instrumented: __itt_heap_reallocate_begin
2820 : 0xfc7f9e81c2ebf : 2 : ittapi_config_apply_per_lib :  ITTAPI function instrumented: __itt_heap_reallocate_end
2820 : 0xfc7f9e81c452b : 2 : ittapi_config_apply_per_lib :  ITTAPI function not implemented: __itt_heap_internal_access_begin
2820 : 0xfc7f9e81c5af0 : 2 : ittapi_config_apply_per_lib :  ITTAPI function not implemented: __itt_heap_internal_access_end
2820 : 0xfc7f9e81c71d1 : 2 : ittapi_config_apply_per_lib :  ITTAPI function not implemented: __itt_heap_record_memory_growth_begin
2820 : 0xfc7f9e81c884a : 2 : ittapi_config_apply_per_lib :  ITTAPI function not implemented: __itt_heap_record_memory_growth_end
2820 : 0xfc7f9e81c9d94 : 2 : ittapi_config_apply_per_lib :  ITTAPI function not implemented: __itt_heap_reset_detection
2820 : 0xfc7f9e81cb3cb : 2 : ittapi_config_apply_per_lib :  ITTAPI function not implemented: __itt_heap_record
2820 : 0xfc7f9e81cc8b4 : 2 : ittapi_config_apply_per_lib :  ITTAPI function not implemented: __itt_id_create
2820 : 0xfc7f9e81d1318 : 2 : ittapi_config_apply_per_lib :  ITTAPI function not implemented: __itt_id_destroy
2820 : 0xfc7f9e81d27e3 : 2 : ittapi_config_apply_per_lib :  ITTAPI function instrumented: __itt_get_timestamp
2820 : 0xfc7f9e81d3d8e : 2 : ittapi_config_apply_per_lib :  ITTAPI function not implemented: __itt_region_begin
2820 : 0xfc7f9e81d5259 : 2 : ittapi_config_apply_per_lib :  ITTAPI function not implemented: __itt_region_end
2820 : 0xfc7f9e81d64f8 : 2 : ittapi_config_apply_per_lib :  ITTAPI function instrumented: __itt_frame_begin_v3
2820 : 0xfc7f9e81d7808 : 2 : ittapi_config_apply_per_lib :  ITTAPI function instrumented: __itt_frame_end_v3
2820 : 0xfc7f9e81d8a93 : 2 : ittapi_config_apply_per_lib :  ITTAPI function instrumented: __itt_frame_submit_v3
2820 : 0xfc7f9e81da019 : 2 : ittapi_config_apply_per_lib :  ITTAPI function not implemented: __itt_task_group
2820 : 0xfc7f9e81db304 : 2 : ittapi_config_apply_per_lib :  ITTAPI function instrumented: __itt_task_begin
2820 : 0xfc7f9e81dc59f : 2 : ittapi_config_apply_per_lib :  ITTAPI function instrumented: __itt_task_begin_fn
2820 : 0xfc7f9e81e077b : 2 : ittapi_config_apply_per_lib :  ITTAPI function instrumented: __itt_task_end
2820 : 0xfc7f9e81e1e4f : 2 : ittapi_config_apply_per_lib :  ITTAPI function not implemented: __itt_counter_inc_v3
2820 : 0xfc7f9e81e33ba : 2 : ittapi_config_apply_per_lib :  ITTAPI function not implemented: __itt_counter_inc_delta_v3
2820 : 0xfc7f9e81e494e : 2 : ittapi_config_apply_per_lib :  ITTAPI function not implemented: __itt_marker
2820 : 0xfc7f9e81e5cb1 : 2 : ittapi_config_apply_per_lib :  ITTAPI function instrumented: __itt_metadata_add
2820 : 0xfc7f9e81e7255 : 2 : ittapi_config_apply_per_lib :  ITTAPI function not implemented: __itt_metadata_str_add
2820 : 0xfc7f9e81e882b : 2 : ittapi_config_apply_per_lib :  ITTAPI function not implemented: __itt_relation_add_to_current
2820 : 0xfc7f9e81e9d43 : 2 : ittapi_config_apply_per_lib :  ITTAPI function not implemented: __itt_relation_add
2820 : 0xfc7f9e81eaf5c : 2 : ittapi_config_apply_per_lib :  ITTAPI function instrumented: __itt_event_create
2820 : 0xfc7f9e81ec15b : 2 : ittapi_config_apply_per_lib :  ITTAPI function instrumented: __itt_event_start
2820 : 0xfc7f9e81eff74 : 2 : ittapi_config_apply_per_lib :  ITTAPI function instrumented: __itt_event_end
2820 : 0xfc7f9e81f105e : 2 : ittapi_config_apply_per_lib :  ITTAPI function NOT instrumented (not matched by --itt-config option): __itt_sync_set_name

2820 : 0xfc7f9e81f215c : 2 : ittapi_config_apply_per_lib :  ITTAPI function NOT instrumented (not matched by --itt-config option): __itt_notify_sync_name

2820 : 0xfc7f9e81f324d : 2 : ittapi_config_apply_per_lib :  ITTAPI function NOT instrumented (not matched by --itt-config option): __itt_notify_sync_prepare

2820 : 0xfc7f9e81f432d : 2 : ittapi_config_apply_per_lib :  ITTAPI function NOT instrumented (not matched by --itt-config option): __itt_notify_sync_cancel

2820 : 0xfc7f9e81f53e1 : 2 : ittapi_config_apply_per_lib :  ITTAPI function NOT instrumented (not matched by --itt-config option): __itt_notify_sync_acquired

2820 : 0xfc7f9e81f646e : 2 : ittapi_config_apply_per_lib :  ITTAPI function NOT instrumented (not matched by --itt-config option): __itt_notify_sync_releasing

2820 : 0xfc7f9e81f7a08 : 2 : ittapi_config_apply_per_lib :  ITTAPI function not implemented: __itt_memory_read
2820 : 0xfc7f9e81f8f02 : 2 : ittapi_config_apply_per_lib :  ITTAPI function not implemented: __itt_memory_write
2820 : 0xfc7f9e81fa413 : 2 : ittapi_config_apply_per_lib :  ITTAPI function not implemented: __itt_memory_update
2820 : 0xfc7f9e81fe567 : 2 : ittapi_config_apply_per_lib :  ITTAPI function not implemented: __itt_state_get
2820 : 0xfc7f9e81ffb2c : 2 : ittapi_config_apply_per_lib :  ITTAPI function not implemented: __itt_state_set
2820 : 0xfc7f9e8201148 : 2 : ittapi_config_apply_per_lib :  ITTAPI function not implemented: __itt_obj_mode_set
2820 : 0xfc7f9e82025bd : 2 : ittapi_config_apply_per_lib :  ITTAPI function not implemented: __itt_thr_mode_set
2820 : 0xfc7f9e820370b : 2 : ittapi_config_apply_per_lib :  ITTAPI function instrumented: __itt_frame_create
2820 : 0xfc7f9e82049ba : 2 : ittapi_config_apply_per_lib :  ITTAPI function instrumented: __itt_frame_begin
2820 : 0xfc7f9e8205c48 : 2 : ittapi_config_apply_per_lib :  ITTAPI function instrumented: __itt_frame_end
2820 : 0xfc7f9e8206e83 : 2 : ittapi_config_apply_per_lib :  ITTAPI function instrumented: __itt_counter_create
2820 : 0xfc7f9e8208373 : 2 : ittapi_config_apply_per_lib :  ITTAPI function not implemented: __itt_counter_destroy
2820 : 0xfc7f9e8209636 : 2 : ittapi_config_apply_per_lib :  ITTAPI function instrumented: __itt_counter_inc
2820 : 0xfc7f9e820ddf2 : 2 : ittapi_config_apply_per_lib :  ITTAPI function instrumented: __itt_counter_inc_delta
2820 : 0xfc7f9e820f4bb : 2 : ittapi_config_apply_per_lib :  ITTAPI function not implemented: __itt_mark_create
2820 : 0xfc7f9e82109da : 2 : ittapi_config_apply_per_lib :  ITTAPI function not implemented: __itt_mark
2820 : 0xfc7f9e8211fe5 : 2 : ittapi_config_apply_per_lib :  ITTAPI function not implemented: __itt_mark_off
2820 : 0xfc7f9e8213496 : 2 : ittapi_config_apply_per_lib :  ITTAPI function not implemented: __itt_mark_global
2820 : 0xfc7f9e82148e9 : 2 : ittapi_config_apply_per_lib :  ITTAPI function not implemented: __itt_mark_global_off
2820 : 0xfc7f9e8215c75 : 2 : ittapi_config_apply_per_lib :  ITTAPI function instrumented: __itt_stack_caller_create
2820 : 0xfc7f9e8216fc7 : 2 : ittapi_config_apply_per_lib :  ITTAPI function instrumented: __itt_stack_caller_destroy
2820 : 0xfc7f9e82182b6 : 2 : ittapi_config_apply_per_lib :  ITTAPI function instrumented: __itt_stack_callee_enter
2820 : 0xfc7f9e82194a4 : 2 : ittapi_config_apply_per_lib :  ITTAPI function instrumented: __itt_stack_callee_leave
2820 : 0xfc7f9e821d687 : 2 : ittapi_config_apply_per_lib :  ITTAPI function not implemented: __itt_clock_domain_create
2820 : 0xfc7f9e821eda7 : 2 : ittapi_config_apply_per_lib :  ITTAPI function not implemented: __itt_clock_domain_reset
2820 : 0xfc7f9e82201e6 : 2 : ittapi_config_apply_per_lib :  ITTAPI function not implemented: __itt_id_create_ex
2820 : 0xfc7f9e82216dd : 2 : ittapi_config_apply_per_lib :  ITTAPI function not implemented: __itt_id_destroy_ex
2820 : 0xfc7f9e8222bcd : 2 : ittapi_config_apply_per_lib :  ITTAPI function not implemented: __itt_task_begin_ex
2820 : 0xfc7f9e82240bd : 2 : ittapi_config_apply_per_lib :  ITTAPI function not implemented: __itt_task_begin_fn_ex
2820 : 0xfc7f9e82255fd : 2 : ittapi_config_apply_per_lib :  ITTAPI function not implemented: __itt_task_end_ex
2820 : 0xfc7f9e822688e : 2 : ittapi_config_apply_per_lib :  ITTAPI function instrumented: __itt_task_begin_overlapped
2820 : 0xfc7f9e8227d85 : 2 : ittapi_config_apply_per_lib :  ITTAPI function not implemented: __itt_task_begin_overlapped_ex
2820 : 0xfc7f9e8229084 : 2 : ittapi_config_apply_per_lib :  ITTAPI function instrumented: __itt_task_end_overlapped
2820 : 0xfc7f9e822d1ec : 2 : ittapi_config_apply_per_lib :  ITTAPI function not implemented: __itt_task_end_overlapped_ex
2820 : 0xfc7f9e822e733 : 2 : ittapi_config_apply_per_lib :  ITTAPI function not implemented: __itt_marker_ex
2820 : 0xfc7f9e822fcab : 2 : ittapi_config_apply_per_lib :  ITTAPI function not implemented: __itt_metadata_add_with_scope
2820 : 0xfc7f9e82312b3 : 2 : ittapi_config_apply_per_lib :  ITTAPI function not implemented: __itt_metadata_str_add_with_scope
2820 : 0xfc7f9e82328ae : 2 : ittapi_config_apply_per_lib :  ITTAPI function not implemented: __itt_relation_add_to_current_ex
2820 : 0xfc7f9e8233d65 : 2 : ittapi_config_apply_per_lib :  ITTAPI function not implemented: __itt_relation_add_ex
2820 : 0xfc7f9e8235287 : 2 : ittapi_config_apply_per_lib :  ITTAPI function not implemented: __itt_track_group_create
2820 : 0xfc7f9e82366ca : 2 : ittapi_config_apply_per_lib :  ITTAPI function not implemented: __itt_track_create
2820 : 0xfc7f9e8237a63 : 2 : ittapi_config_apply_per_lib :  ITTAPI function not implemented: __itt_set_track
2820 : 0xfc7f9e8238ce7 : 2 : ittapi_config_apply_per_lib :  ITTAPI function instrumented: __itt_api_version
2820 : 0xfc7f9e823d67c : 2 : ittapi_config_apply_per_lib :  ITTAPI function not implemented: __itt_av_save