<?xml version="1.0" encoding="utf-8"?>
<log version="1.0" tool="runtool">

<msg id="1" tool="runtool">
  <type>log-start</type>
  <arg>2023/04/29 00:32:20</arg>
</msg>
<msg id="2" tool="runtool">
  <type>bandwidth-measurement-starts</type>
</msg>
<msg id="3" tool="runtool">
  <type>bandwidth-measurement-done</type>
</msg>
<msg id="4" tool="runtool">
  <type>collector-starts</type>
</msg>
<msg id="5" tool="runtool">
  <type>marker-file</type>
  <arg>/user/home/ke19697/advanced-hpc-lbm/advi_results/rank.1/trc000/trc000.advixe</arg>
</msg>
<msg id="6" tool="pin">
  <type>2</type>
  <description>Source/pin/vm_u/vm_signal_impl_unix.cpp: NotifyExit: 2102: assertion failed: _initialized </description>
  <severity>ERROR</severity>
  <timestamp>Fri Apr 28 23:32:37 2023 </timestamp>
  <pinversion>3.14</pinversion>
  <kitnumber>98223</kitnumber>
</msg>
<msg id="7" tool="trc">
  <type>PROCESS_START</type>
  <arg>/user/home/ke19697/advanced-hpc-lbm/d2q9-bgk</arg>
  <arg>907</arg>
  <severity>INFO</severity>
  <timestamp>Fri Apr 28 23:32:37 2023</timestamp>
</msg>
<msg id="8" tool="trc">
  <type>INTERNAL</type>
  <severity>ERROR</severity>
  <timestamp>Fri Apr 28 23:32:37 2023</timestamp>
</msg>
<msg id="9" tool="trc">
  <type>ABNORMAL_TERMINATE</type>
  <severity>ERROR</severity>
  <timestamp>Fri Apr 28 23:32:37 2023</timestamp>
</msg>
<msg id="10" tool="runtool">
  <type>app-exit-code</type>
  <arg>255</arg>
</msg>
<msg id="11" tool="runtool">
  <type>marker-file</type>
  <arg>/user/home/ke19697/advanced-hpc-lbm/advi_results/rank.1/trc000/trc000.advixe</arg>
</msg>
<msg id="12" tool="runtool">
  <type>collector-done</type>
</msg>
<msg id="13" tool="runtool">
  <type>log-end</type>
  <arg>2023/04/29 00:32:41</arg>
</msg>

</log>

