<?xml version="1.0" encoding="utf-8" ?>
<!-- DO NOT EDIT THIS FILE -->

<log version='2.0' source='trc'>
	<msg id='1' display='false' source='trc'>
		<type>PROCESS_START</type>
		<severity>INFO</severity>
		<timestamp>Fri Apr 28 23:32:37 2023</timestamp>
		<arg name='process'>/user/home/ke19697/advanced-hpc-lbm/d2q9-bgk</arg>
		<arg name='pid'>907</arg>
	</msg>
	<msg id='2' source='ccrt'>
		<type>INTERNAL</type>
		<severity>ERROR</severity>
		<timestamp>Fri Apr 28 23:32:37 2023</timestamp>
		<!-- Unable to start CCRT command handler -->
	</msg>
	<!-- Frames of pintool call stack: -->
	<!-- => 0x2abde41f979b -->
	<!-- => 0x2abde41f979b -->
	<!-- => 0x2abde41f997e -->
	<!-- => 0x2abde3d4e5b6 -->
	<!-- => 0x2abde63e5048 -->
	<!-- => 0x0 -->
	<msg id='3' source='ccrt'>
		<type>ABNORMAL_TERMINATE</type>
		<severity>ERROR</severity>
		<timestamp>Fri Apr 28 23:32:37 2023</timestamp>
	</msg>