<?xml version="1.0" encoding="utf-8" ?>
<!-- DO NOT EDIT THIS FILE -->

<log version='2.0' source='tcet'>
	<!-- Opened annotation file /mnt/storage/software/languages/intel/intel-parallel_studio_xe_2020_u4/advisor_2020.3.0.607294/lib64/../config/tc/map.ant -->
	<!-- Opened annotation file /mnt/storage/software/languages/intel/intel-parallel_studio_xe_2020_u4/advisor_2020.3.0.607294/lib64/../config/tc/allocators.ant -->
	<msg id='1' display='false' source='map'>
		<type>START</type>
		<severity>INFO</severity>
		<timestamp>Sat Apr 29 00:18:41 2023</timestamp>
	</msg>
	<!-- Successfully loaded CCRT 13.9.1 at address 0x2ad1738ba000 - 0x2ad1738c3000 -->
	<!-- Successfully loaded the TC Analysis Core 8.17.2 at address 0x2ad1758f9000 - 0x2ad175959000 -->
	<!-- Successfully loaded the TC Instrumentation Engine 8.17.2 at address 0x2ad173204000 - 0x2ad173463000 -->
	<!-- Environment: INTEL_LIBITTNOTIFY32=/mnt/storage/software/languages/intel/intel-parallel_studio_xe_2020_u4/advisor_2020.3.0.607294/lib32/runtime/libittnotify.so -->
	<!-- Environment: INTEL_LIBITTNOTIFY64=/mnt/storage/software/languages/intel/intel-parallel_studio_xe_2020_u4/advisor_2020.3.0.607294/lib64/runtime/libittnotify.so -->
	<!-- Environment: INTEL_JIT_PROFILER32=/mnt/storage/software/languages/intel/intel-parallel_studio_xe_2020_u4/advisor_2020.3.0.607294/lib32/libpinjitprofiling.so -->
	<!-- Environment: INTEL_JIT_PROFILER64=/mnt/storage/software/languages/intel/intel-parallel_studio_xe_2020_u4/advisor_2020.3.0.607294/lib64/libpinjitprofiling.so -->
	<!-- This is the instance of interest -->
	<msg id='2' source='tcet'>
		<type>EXEC_OF_INTEREST</type>
		<severity>INFO</severity>
		<timestamp>Sat Apr 29 00:18:41 2023</timestamp>
		<arg name='process'>/user/home/ke19697/advanced-hpc-lbm/d2q9-bgk</arg>
		<arg name='pid'>4926</arg>
	</msg>
	<msg id='3' source='ccrt'>
		<type>INTERNAL</type>
		<severity>ERROR</severity>
		<timestamp>Sat Apr 29 00:18:41 2023</timestamp>
		<!-- Unable to start CCRT command handler -->
	</msg>
	<!-- Frames of pintool call stack: -->
	<!-- => 0x2ad1736ad79b: __CcLogCurrentCallstack+0x00000001b at libccrt13.so+0x00001079b  -->
	<!-- => 0x2ad1736ad79b: __CcLogCurrentCallstack+0x00000001b at libccrt13.so+0x00001079b  -->
	<!-- => 0x2ad1736ad97e: __CcLogFatalToolDefect+0x00000009e at libccrt13.so+0x00001097e  -->
	<!-- => 0x2ad173280506: __TcEtHeartbeatInitialize+0x000000106 at /mnt/storage/software/languages/intel/intel-parallel_studio_xe_2020_u4/advisor_2020.3.0.607294/lib64/libtcet.so+0x00007c506  -->
	<msg id='4' source='ccrt'>
		<type>ABNORMAL_TERMINATE</type>
		<severity>ERROR</severity>
		<timestamp>Sat Apr 29 00:18:41 2023</timestamp>
	</msg>
	<msg id='5' source='tcet'>
		<type>PROCESS_TERMINATE</type>
		<severity>INFO</severity>
		<timestamp>Sat Apr 29 00:18:41 2023</timestamp>
		<arg name='process'>/user/home/ke19697/advanced-hpc-lbm/d2q9-bgk</arg>
		<arg name='pid'>4926</arg>
	</msg>
	<msg id='6' source='map'>
		<type>NO_ANNOTATIONS</type>
		<severity>WARNING</severity>
		<timestamp>Sat Apr 29 00:18:41 2023</timestamp>
	</msg>
	<msg id='7' display='false' source='map'>
		<type>ANALYSIS_COMPLETE</type>
		<severity>INFO</severity>
		<timestamp>Sat Apr 29 00:18:41 2023</timestamp>
	</msg>
	<msg id='8' display='false' source='map'>
		<type>STOP</type>
		<severity>INFO</severity>
		<timestamp>Sat Apr 29 00:18:41 2023</timestamp>
	</msg>
</log>