<?xml version="1.0" encoding="utf-8"?>
<log version="1.0" tool="runtool">

<msg id="1" tool="runtool">
  <type>log-start</type>
  <arg>2023/03/04 11:24:16</arg>
</msg>
<msg id="2" tool="runtool">
  <type>bandwidth-measurement-starts</type>
</msg>
<msg id="3" tool="runtool">
  <type>bandwidth-measurement-done</type>
</msg>
<msg id="4" tool="runtool">
  <type>collector-starts</type>
</msg>
<msg id="5" tool="runtool">
  <type>marker-file</type>
  <arg>/user/home/ke19697/par/advanced-hpc-lbm/advi_results/e000/trc000/trc000.advixe</arg>
</msg>
<msg id="6" tool="trc">
  <type>PROCESS_START</type>
  <arg>/user/home/ke19697/par/advanced-hpc-lbm/d2q9-bgk</arg>
  <arg>3268</arg>
  <severity>INFO</severity>
  <timestamp>Sat Mar  4 11:24:32 2023</timestamp>
</msg>
<msg id="7" tool="trc">
  <type>PROCESS_ANALYSIS_MODE</type>
  <arg>full</arg>
  <severity>INFO</severity>
  <timestamp>Sat Mar  4 11:24:32 2023</timestamp>
</msg>
<msg id="8" tool="trc">
  <type>LOAD_MODULE</type>
  <arg>/user/home/ke19697/par/advanced-hpc-lbm/d2q9-bgk</arg>
  <arg>0x400000</arg>
  <arg>0x60ce3f</arg>
  <arg>yes</arg>
  <severity>INFO</severity>
  <timestamp>Sat Mar  4 11:24:32 2023</timestamp>
</msg>
<msg id="9" tool="trc">
  <type>LOAD_MODULE</type>
  <arg>/lib64/ld-linux-x86-64.so.2</arg>
  <arg>0x2b04c300e000</arg>
  <arg>0x2b04c323114f</arg>
  <arg>yes</arg>
  <severity>INFO</severity>
  <timestamp>Sat Mar  4 11:24:32 2023</timestamp>
</msg>
<msg id="10" tool="trc">
  <type>LOAD_MODULE</type>
  <arg>[vdso]</arg>
  <arg>0x7ffe41f97000</arg>
  <arg>0x7ffe41f97e6c</arg>
  <arg>no</arg>
  <severity>INFO</severity>
  <timestamp>Sat Mar  4 11:24:32 2023</timestamp>
</msg>
<msg id="11" tool="trc">
  <type>LOAD_MODULE</type>
  <arg>/lib64/libm.so.6</arg>
  <arg>0x2b04d8b52000</arg>
  <arg>0x2b04d8e53137</arg>
  <arg>yes</arg>
  <severity>INFO</severity>
  <timestamp>Sat Mar  4 11:24:32 2023</timestamp>
</msg>
<msg id="12" tool="trc">
  <type>LOAD_MODULE</type>
  <arg>/mnt/storage/software/languages/intel/intel-parallel_studio_xe_2020_u4/compilers_and_libraries_2020.4.304/linux/compiler/lib/intel64_lin/libiomp5.so</arg>
  <arg>0x2b04d8e84000</arg>
  <arg>0x2b04d92891ff</arg>
  <arg>yes</arg>
  <severity>INFO</severity>
  <timestamp>Sat Mar  4 11:24:32 2023</timestamp>
</msg>
<msg id="13" tool="trc">
  <type>LOAD_MODULE</type>
  <arg>/mnt/storage/software/languages/gcc-10.4.0/lib64/libgcc_s.so.1</arg>
  <arg>0x2b04d9296000</arg>
  <arg>0x2b04d94ad447</arg>
  <arg>yes</arg>
  <severity>INFO</severity>
  <timestamp>Sat Mar  4 11:24:33 2023</timestamp>
</msg>
<msg id="14" tool="trc">
  <type>LOAD_MODULE</type>
  <arg>/lib64/libpthread.so.0</arg>
  <arg>0x2b04d94ae000</arg>
  <arg>0x2b04d96c9487</arg>
  <arg>yes</arg>
  <severity>INFO</severity>
  <timestamp>Sat Mar  4 11:24:33 2023</timestamp>
</msg>
<msg id="15" tool="trc">
  <type>LOAD_MODULE</type>
  <arg>/lib64/libc.so.6</arg>
  <arg>0x2b04d96ca000</arg>
  <arg>0x2b04d9a971ff</arg>
  <arg>yes</arg>
  <severity>INFO</severity>
  <timestamp>Sat Mar  4 11:24:33 2023</timestamp>
</msg>
<msg id="16" tool="trc">
  <type>LOAD_MODULE</type>
  <arg>/lib64/libdl.so.2</arg>
  <arg>0x2b04d9a98000</arg>
  <arg>0x2b04d9c9b12f</arg>
  <arg>yes</arg>
  <severity>INFO</severity>
  <timestamp>Sat Mar  4 11:24:34 2023</timestamp>
</msg>
<msg id="17" tool="trc">
  <type>LOAD_MODULE</type>
  <arg>/mnt/storage/software/languages/intel/intel-parallel_studio_xe_2020_u4/advisor_2020.3.0.607294/lib64/runtime/libittnotify.so</arg>
  <arg>0x2b04dfaf2000</arg>
  <arg>0x2b04dfcfe65f</arg>
  <arg>no</arg>
  <severity>INFO</severity>
  <timestamp>Sat Mar  4 11:24:34 2023</timestamp>
</msg>
<msg id="18" tool="trc">
  <type>UNLOAD_MODULE</type>
  <arg>/user/home/ke19697/par/advanced-hpc-lbm/d2q9-bgk</arg>
  <severity>INFO</severity>
  <timestamp>Sat Mar  4 11:25:12 2023</timestamp>
</msg>
<msg id="19" tool="trc">
  <type>UNLOAD_MODULE</type>
  <arg>/lib64/ld-linux-x86-64.so.2</arg>
  <severity>INFO</severity>
  <timestamp>Sat Mar  4 11:25:12 2023</timestamp>
</msg>
<msg id="20" tool="trc">
  <type>UNLOAD_MODULE</type>
  <arg>[vdso]</arg>
  <severity>INFO</severity>
  <timestamp>Sat Mar  4 11:25:12 2023</timestamp>
</msg>
<msg id="21" tool="trc">
  <type>UNLOAD_MODULE</type>
  <arg>/lib64/libm.so.6</arg>
  <severity>INFO</severity>
  <timestamp>Sat Mar  4 11:25:12 2023</timestamp>
</msg>
<msg id="22" tool="trc">
  <type>UNLOAD_MODULE</type>
  <arg>/mnt/storage/software/languages/intel/intel-parallel_studio_xe_2020_u4/compilers_and_libraries_2020.4.304/linux/compiler/lib/intel64_lin/libiomp5.so</arg>
  <severity>INFO</severity>
  <timestamp>Sat Mar  4 11:25:12 2023</timestamp>
</msg>
<msg id="23" tool="trc">
  <type>UNLOAD_MODULE</type>
  <arg>/mnt/storage/software/languages/gcc-10.4.0/lib64/libgcc_s.so.1</arg>
  <severity>INFO</severity>
  <timestamp>Sat Mar  4 11:25:12 2023</timestamp>
</msg>
<msg id="24" tool="trc">
  <type>UNLOAD_MODULE</type>
  <arg>/lib64/libpthread.so.0</arg>
  <severity>INFO</severity>
  <timestamp>Sat Mar  4 11:25:12 2023</timestamp>
</msg>
<msg id="25" tool="trc">
  <type>UNLOAD_MODULE</type>
  <arg>/lib64/libc.so.6</arg>
  <severity>INFO</severity>
  <timestamp>Sat Mar  4 11:25:12 2023</timestamp>
</msg>
<msg id="26" tool="trc">
  <type>UNLOAD_MODULE</type>
  <arg>/lib64/libdl.so.2</arg>
  <severity>INFO</severity>
  <timestamp>Sat Mar  4 11:25:12 2023</timestamp>
</msg>
<msg id="27" tool="trc">
  <type>UNLOAD_MODULE</type>
  <arg>/mnt/storage/software/languages/intel/intel-parallel_studio_xe_2020_u4/advisor_2020.3.0.607294/lib64/runtime/libittnotify.so</arg>
  <severity>INFO</severity>
  <timestamp>Sat Mar  4 11:25:12 2023</timestamp>
</msg>
<msg id="28" tool="trc">
  <type>PROCESS_FINISH</type>
  <arg>/user/home/ke19697/par/advanced-hpc-lbm/d2q9-bgk</arg>
  <arg>3268</arg>
  <arg>0x0</arg>
  <severity>INFO</severity>
  <timestamp>Sat Mar  4 11:25:12 2023</timestamp>
</msg>
<msg id="29" tool="runtool">
  <type>app-exit-code</type>
  <arg>0</arg>
</msg>
<msg id="30" tool="runtool">
  <type>marker-file</type>
  <arg>/user/home/ke19697/par/advanced-hpc-lbm/advi_results/e000/trc000/trc000.advixe</arg>
</msg>
<msg id="31" tool="runtool">
  <type>collector-done</type>
</msg>
<msg id="32" tool="runtool">
  <type>log-end</type>
  <arg>2023/03/04 11:25:16</arg>
</msg>

</log>

