<?xml version="1.0" encoding="utf-8" ?>
<!-- DO NOT EDIT THIS FILE -->

<log version='2.0' source='tcet'>
	<!-- Opened annotation file /mnt/storage/software/languages/intel/intel-parallel_studio_xe_2020_u4/advisor_2020.3.0.607294/lib64/../config/tc/map.ant -->
	<!-- Opened annotation file /mnt/storage/software/languages/intel/intel-parallel_studio_xe_2020_u4/advisor_2020.3.0.607294/lib64/../config/tc/allocators.ant -->
	<msg id='1' display='false' source='map'>
		<type>START</type>
		<severity>INFO</severity>
		<timestamp>Sat Mar  4 11:32:25 2023</timestamp>
	</msg>
	<!-- Successfully loaded CCRT 13.9.1 at address 0x2adfae668000 - 0x2adfae671000 -->
	<!-- Successfully loaded the TC Analysis Core 8.17.2 at address 0x2adfb06a7000 - 0x2adfb0707000 -->
	<!-- Successfully loaded the TC Instrumentation Engine 8.17.2 at address 0x2adfadfb2000 - 0x2adfae211000 -->
	<!-- Environment: INTEL_LIBITTNOTIFY32=/mnt/storage/software/languages/intel/intel-parallel_studio_xe_2020_u4/advisor_2020.3.0.607294/lib32/runtime/libittnotify.so -->
	<!-- Environment: INTEL_LIBITTNOTIFY64=/mnt/storage/software/languages/intel/intel-parallel_studio_xe_2020_u4/advisor_2020.3.0.607294/lib64/runtime/libittnotify.so -->
	<!-- Environment: INTEL_JIT_PROFILER32=/mnt/storage/software/languages/intel/intel-parallel_studio_xe_2020_u4/advisor_2020.3.0.607294/lib32/libpinjitprofiling.so -->
	<!-- Environment: INTEL_JIT_PROFILER64=/mnt/storage/software/languages/intel/intel-parallel_studio_xe_2020_u4/advisor_2020.3.0.607294/lib64/libpinjitprofiling.so -->
	<!-- This is the instance of interest -->
	<msg id='2' source='tcet'>
		<type>EXEC_OF_INTEREST</type>
		<severity>INFO</severity>
		<timestamp>Sat Mar  4 11:32:25 2023</timestamp>
		<arg name='process'>/user/home/ke19697/par/advanced-hpc-lbm/d2q9-bgk</arg>
		<arg name='pid'>4217</arg>
	</msg>
	<msg id='3' source='tcet'>
		<type>LOAD_MODULE</type>
		<severity>INFO</severity>
		<timestamp>Sat Mar  4 11:32:25 2023</timestamp>
		<arg name='module'>/user/home/ke19697/par/advanced-hpc-lbm/d2q9-bgk</arg>
		<arg name='basement'>0x400000</arg>
		<arg name='ceiling'>0x60ce3f</arg>
		<arg name='id'>1</arg>
	</msg>
	<msg id='4' source='tcet'>
		<type>LOAD_MODULE</type>
		<severity>INFO</severity>
		<timestamp>Sat Mar  4 11:32:25 2023</timestamp>
		<arg name='module'>/lib64/ld-linux-x86-64.so.2</arg>
		<arg name='basement'>0x2adfac426000</arg>
		<arg name='ceiling'>0x2adfac64914f</arg>
		<arg name='id'>2</arg>
	</msg>
	<msg id='5' source='tcet'>
		<type>LOAD_MODULE</type>
		<severity>INFO</severity>
		<timestamp>Sat Mar  4 11:32:25 2023</timestamp>
		<arg name='module'>[vdso]</arg>
		<arg name='basement'>0x7ffef01c4000</arg>
		<arg name='ceiling'>0x7ffef01c4e6c</arg>
		<arg name='id'>3</arg>
	</msg>
	<msg id='6' source='tcet'>
		<type>LOAD_MODULE</type>
		<severity>INFO</severity>
		<timestamp>Sat Mar  4 11:32:26 2023</timestamp>
		<arg name='module'>/lib64/libm.so.6</arg>
		<arg name='basement'>0x2adfc1cf7000</arg>
		<arg name='ceiling'>0x2adfc1ff8137</arg>
		<arg name='id'>4</arg>
	</msg>
	<msg id='7' source='tcet'>
		<type>LOAD_MODULE</type>
		<severity>INFO</severity>
		<timestamp>Sat Mar  4 11:32:26 2023</timestamp>
		<arg name='module'>/mnt/storage/software/languages/intel/intel-parallel_studio_xe_2020_u4/compilers_and_libraries_2020.4.304/linux/compiler/lib/intel64_lin/libiomp5.so</arg>
		<arg name='basement'>0x2adfc205d000</arg>
		<arg name='ceiling'>0x2adfc24621ff</arg>
		<arg name='id'>5</arg>
	</msg>
	<msg id='8' source='tcet'>
		<type>LOAD_MODULE</type>
		<severity>INFO</severity>
		<timestamp>Sat Mar  4 11:32:26 2023</timestamp>
		<arg name='module'>/mnt/storage/software/languages/gcc-10.4.0/lib64/libgcc_s.so.1</arg>
		<arg name='basement'>0x2adfc2463000</arg>
		<arg name='ceiling'>0x2adfc267a447</arg>
		<arg name='id'>6</arg>
	</msg>
	<msg id='9' source='tcet'>
		<type>LOAD_MODULE</type>
		<severity>INFO</severity>
		<timestamp>Sat Mar  4 11:32:26 2023</timestamp>
		<arg name='module'>/lib64/libpthread.so.0</arg>
		<arg name='basement'>0x2adfc267b000</arg>
		<arg name='ceiling'>0x2adfc2896487</arg>
		<arg name='id'>7</arg>
	</msg>
	<msg id='10' source='tcet'>
		<type>LOAD_MODULE</type>
		<severity>INFO</severity>
		<timestamp>Sat Mar  4 11:32:26 2023</timestamp>
		<arg name='module'>/lib64/libc.so.6</arg>
		<arg name='basement'>0x2adfc2897000</arg>
		<arg name='ceiling'>0x2adfc2c641ff</arg>
		<arg name='id'>8</arg>
	</msg>
	<msg id='11' source='tcet'>
		<type>LOAD_MODULE</type>
		<severity>INFO</severity>
		<timestamp>Sat Mar  4 11:32:26 2023</timestamp>
		<arg name='module'>/lib64/libdl.so.2</arg>
		<arg name='basement'>0x2adfc2c65000</arg>
		<arg name='ceiling'>0x2adfc2e6812f</arg>
		<arg name='id'>9</arg>
	</msg>
	<msg id='12' source='tcet'>
		<type>LOAD_MODULE</type>
		<severity>INFO</severity>
		<timestamp>Sat Mar  4 11:32:27 2023</timestamp>
		<arg name='module'>/mnt/storage/software/languages/intel/intel-parallel_studio_xe_2020_u4/advisor_2020.3.0.607294/lib64/runtime/libittnotify.so</arg>
		<arg name='basement'>0x2adfc98a5000</arg>
		<arg name='ceiling'>0x2adfc9ab165f</arg>
		<arg name='id'>10</arg>
	</msg>
	<msg id='13' source='tcet'>
		<type>UNLOAD_MODULE</type>
		<severity>INFO</severity>
		<timestamp>Sat Mar  4 11:33:40 2023</timestamp>
		<arg name='module'>/user/home/ke19697/par/advanced-hpc-lbm/d2q9-bgk</arg>
		<arg name='id'>1</arg>
	</msg>
	<msg id='14' source='tcet'>
		<type>UNLOAD_MODULE</type>
		<severity>INFO</severity>
		<timestamp>Sat Mar  4 11:33:40 2023</timestamp>
		<arg name='module'>/lib64/ld-linux-x86-64.so.2</arg>
		<arg name='id'>2</arg>
	</msg>
	<msg id='15' source='tcet'>
		<type>UNLOAD_MODULE</type>
		<severity>INFO</severity>
		<timestamp>Sat Mar  4 11:33:40 2023</timestamp>
		<arg name='module'>[vdso]</arg>
		<arg name='id'>3</arg>
	</msg>
	<msg id='16' source='tcet'>
		<type>UNLOAD_MODULE</type>
		<severity>INFO</severity>
		<timestamp>Sat Mar  4 11:33:40 2023</timestamp>
		<arg name='module'>/lib64/libm.so.6</arg>
		<arg name='id'>4</arg>
	</msg>
	<msg id='17' source='tcet'>
		<type>UNLOAD_MODULE</type>
		<severity>INFO</severity>
		<timestamp>Sat Mar  4 11:33:40 2023</timestamp>
		<arg name='module'>/mnt/storage/software/languages/intel/intel-parallel_studio_xe_2020_u4/compilers_and_libraries_2020.4.304/linux/compiler/lib/intel64_lin/libiomp5.so</arg>
		<arg name='id'>5</arg>
	</msg>
	<msg id='18' source='tcet'>
		<type>UNLOAD_MODULE</type>
		<severity>INFO</severity>
		<timestamp>Sat Mar  4 11:33:40 2023</timestamp>
		<arg name='module'>/mnt/storage/software/languages/gcc-10.4.0/lib64/libgcc_s.so.1</arg>
		<arg name='id'>6</arg>
	</msg>
	<msg id='19' source='tcet'>
		<type>UNLOAD_MODULE</type>
		<severity>INFO</severity>
		<timestamp>Sat Mar  4 11:33:40 2023</timestamp>
		<arg name='module'>/lib64/libpthread.so.0</arg>
		<arg name='id'>7</arg>
	</msg>
	<msg id='20' source='tcet'>
		<type>UNLOAD_MODULE</type>
		<severity>INFO</severity>
		<timestamp>Sat Mar  4 11:33:40 2023</timestamp>
		<arg name='module'>/lib64/libc.so.6</arg>
		<arg name='id'>8</arg>
	</msg>
	<msg id='21' source='tcet'>
		<type>UNLOAD_MODULE</type>
		<severity>INFO</severity>
		<timestamp>Sat Mar  4 11:33:40 2023</timestamp>
		<arg name='module'>/lib64/libdl.so.2</arg>
		<arg name='id'>9</arg>
	</msg>
	<msg id='22' source='tcet'>
		<type>UNLOAD_MODULE</type>
		<severity>INFO</severity>
		<timestamp>Sat Mar  4 11:33:40 2023</timestamp>
		<arg name='module'>/mnt/storage/software/languages/intel/intel-parallel_studio_xe_2020_u4/advisor_2020.3.0.607294/lib64/runtime/libittnotify.so</arg>
		<arg name='id'>10</arg>
	</msg>
	<msg id='23' source='tcet'>
		<type>PROCESS_TERMINATE</type>
		<severity>INFO</severity>
		<timestamp>Sat Mar  4 11:33:40 2023</timestamp>
		<arg name='process'>/user/home/ke19697/par/advanced-hpc-lbm/d2q9-bgk</arg>
		<arg name='pid'>4217</arg>
	</msg>
	<msg id='24' display='false' source='map'>
		<type>ANALYSIS_COMPLETE</type>
		<severity>INFO</severity>
		<timestamp>Sat Mar  4 11:33:40 2023</timestamp>
	</msg>
	<msg id='25' display='false' source='map'>
		<type>STOP</type>
		<severity>INFO</severity>
		<timestamp>Sat Mar  4 11:33:40 2023</timestamp>
	</msg>
</log>